<?xml version="1.0" encoding="UTF-8"?>
<!-- Generated by org.testng.reporters.JUnitXMLReporter -->
<testsuite ignored="0" hostname="LAPTOP-7G5AQUFD" failures="0" tests="14" name="Default test" time="93.018" errors="0" timestamp="2024-08-28T21:17:51 IST">
  <testcase classname="com.qa.saucedemo.testcases.SaucedemoTestCases1" name="loginPageTitle" time="0.018"/>
  <testcase classname="com.qa.saucedemo.testcases.SaucedemoTestCases1" name="logoImageTest" time="0.038"/>
  <testcase classname="com.qa.saucedemo.testcases.SaucedemoTestCases1" name="loginTest" time="2.999"/>
  <testcase classname="com.qa.saucedemo.testcases.SaucedemoTestCases1" name="FilterTest" time="8.434"/>
  <testcase classname="com.qa.saucedemo.testcases.SaucedemoTestCases1" name="SidebtnTest" time="8.351"/>
  <testcase classname="com.qa.saucedemo.testcases.SaucedemoTestCases1" name="productDetailPage" time="4.572"/>
  <testcase classname="com.qa.saucedemo.testcases.SaucedemoTestCases1" name="productPage" time="4.269"/>
  <testcase classname="com.qa.saucedemo.testcases.SaucedemoTestCases1" name="CartTest" time="2.493"/>
  <testcase classname="com.qa.saucedemo.testcases.SaucedemoTestCases1" name="validateCartPage" time="5.244"/>
  <testcase classname="com.qa.saucedemo.testcases.SaucedemoTestCases1" name="cartpageTest" time="33.351"/>
  <testcase classname="com.qa.saucedemo.testcases.SaucedemoTestCases1" name="OrderProducts" time="9.165"/>
  <testcase classname="com.qa.saucedemo.testcases.SaucedemoTestCases1" name="orderFinish" time="4.742"/>
  <testcase classname="com.qa.saucedemo.testcases.SaucedemoTestCases1" name="LogoutTest" time="2.297"/>
  <testcase classname="com.qa.saucedemo.testcases.SaucedemoTestCases1" name="InavlidTest" time="2.303"/>
</testsuite> <!-- Default test -->
